app/build/intermediates/manifest_merge_blame_file/debug/manifest-merger-blame-debug-report.txt
1<?xml version="1.0" encoding="utf-8"?>
2<manifest xmlns:android="http://schemas.android.com/apk/res/android"
3    package="com.wanted.retocine"
4    android:versionCode="1"
5    android:versionName="1.0" >
6
7    <uses-sdk
8        android:minSdkVersion="24"
9        android:targetSdkVersion="33" />
10
11    <uses-permission android:name="android.permission.INTERNET" />
11-->src/main/AndroidManifest.xml:5:5-67
11-->src/main/AndroidManifest.xml:5:22-64
12    <uses-permission android:name="android.permission.ACCESS_NETWORK_STATE" />
12-->src/main/AndroidManifest.xml:6:5-79
12-->src/main/AndroidManifest.xml:6:22-76
13
14    <permission
14-->[androidx.core:core:1.9.0] AndroidManifest.xml:22:5-24:47
15        android:name="com.wanted.retocine.DYNAMIC_RECEIVER_NOT_EXPORTED_PERMISSION"
15-->[androidx.core:core:1.9.0] AndroidManifest.xml:23:9-81
16        android:protectionLevel="signature" />
16-->[androidx.core:core:1.9.0] AndroidManifest.xml:24:9-44
17
18    <uses-permission android:name="com.wanted.retocine.DYNAMIC_RECEIVER_NOT_EXPORTED_PERMISSION" />
18-->[androidx.core:core:1.9.0] AndroidManifest.xml:26:5-97
18-->[androidx.core:core:1.9.0] AndroidManifest.xml:26:22-94
19
20    <application
20-->src/main/AndroidManifest.xml:8:5-45:19
21        android:allowBackup="true"
21-->src/main/AndroidManifest.xml:9:9-35
22        android:appComponentFactory="androidx.core.app.CoreComponentFactory"
22-->[androidx.core:core:1.9.0] AndroidManifest.xml:28:18-86
23        android:dataExtractionRules="@xml/data_extraction_rules"
23-->src/main/AndroidManifest.xml:10:9-65
24        android:debuggable="true"
25        android:extractNativeLibs="false"
26        android:fullBackupContent="@xml/backup_rules"
26-->src/main/AndroidManifest.xml:11:9-54
27        android:icon="@mipmap/ic_launcher"
27-->src/main/AndroidManifest.xml:12:9-43
28        android:label="@string/app_name"
28-->src/main/AndroidManifest.xml:13:9-41
29        android:roundIcon="@mipmap/ic_launcher_round"
29-->src/main/AndroidManifest.xml:14:9-54
30        android:supportsRtl="true"
30-->src/main/AndroidManifest.xml:15:9-35
31        android:testOnly="true"
32        android:theme="@style/Theme.RetoCine"
32-->src/main/AndroidManifest.xml:16:9-46
33        android:usesCleartextTraffic="true" >
33-->src/main/AndroidManifest.xml:17:9-44
34        <activity
34-->src/main/AndroidManifest.xml:19:9-23:51
35            android:name="com.wanted.retocine.UI.View.MovieDetailActivity"
35-->src/main/AndroidManifest.xml:20:13-56
36            android:configChanges="orientation"
36-->src/main/AndroidManifest.xml:22:13-48
37            android:exported="false"
37-->src/main/AndroidManifest.xml:21:13-37
38            android:screenOrientation="portrait" />
38-->src/main/AndroidManifest.xml:23:13-49
39        <activity
39-->src/main/AndroidManifest.xml:24:9-28:51
40            android:name="com.wanted.retocine.UI.View.MainActivity"
40-->src/main/AndroidManifest.xml:25:13-49
41            android:configChanges="orientation"
41-->src/main/AndroidManifest.xml:27:13-48
42            android:exported="false"
42-->src/main/AndroidManifest.xml:26:13-37
43            android:screenOrientation="portrait" />
43-->src/main/AndroidManifest.xml:28:13-49
44        <activity
44-->src/main/AndroidManifest.xml:29:9-33:51
45            android:name="com.wanted.retocine.UI.View.LoginActivity"
45-->src/main/AndroidManifest.xml:30:13-50
46            android:configChanges="orientation"
46-->src/main/AndroidManifest.xml:32:13-48
47            android:exported="false"
47-->src/main/AndroidManifest.xml:31:13-37
48            android:screenOrientation="portrait" />
48-->src/main/AndroidManifest.xml:33:13-49
49        <activity
49-->src/main/AndroidManifest.xml:34:9-44:20
50            android:name="com.wanted.retocine.UI.View.SplashActivity"
50-->src/main/AndroidManifest.xml:35:13-51
51            android:configChanges="orientation"
51-->src/main/AndroidManifest.xml:37:13-48
52            android:exported="true"
52-->src/main/AndroidManifest.xml:36:13-36
53            android:screenOrientation="portrait" >
53-->src/main/AndroidManifest.xml:38:13-49
54            <intent-filter>
54-->src/main/AndroidManifest.xml:39:13-43:29
55                <action android:name="android.intent.action.MAIN" />
55-->src/main/AndroidManifest.xml:40:17-69
55-->src/main/AndroidManifest.xml:40:25-66
56
57                <category android:name="android.intent.category.LAUNCHER" />
57-->src/main/AndroidManifest.xml:42:17-77
57-->src/main/AndroidManifest.xml:42:27-74
58            </intent-filter>
59        </activity>
60
61        <provider
61-->[androidx.emoji2:emoji2:1.2.0] AndroidManifest.xml:24:9-32:20
62            android:name="androidx.startup.InitializationProvider"
62-->[androidx.emoji2:emoji2:1.2.0] AndroidManifest.xml:25:13-67
63            android:authorities="com.wanted.retocine.androidx-startup"
63-->[androidx.emoji2:emoji2:1.2.0] AndroidManifest.xml:26:13-68
64            android:exported="false" >
64-->[androidx.emoji2:emoji2:1.2.0] AndroidManifest.xml:27:13-37
65            <meta-data
65-->[androidx.emoji2:emoji2:1.2.0] AndroidManifest.xml:29:13-31:52
66                android:name="androidx.emoji2.text.EmojiCompatInitializer"
66-->[androidx.emoji2:emoji2:1.2.0] AndroidManifest.xml:30:17-75
67                android:value="androidx.startup" />
67-->[androidx.emoji2:emoji2:1.2.0] AndroidManifest.xml:31:17-49
68            <meta-data
68-->[androidx.lifecycle:lifecycle-process:2.6.1] AndroidManifest.xml:29:13-31:52
69                android:name="androidx.lifecycle.ProcessLifecycleInitializer"
69-->[androidx.lifecycle:lifecycle-process:2.6.1] AndroidManifest.xml:30:17-78
70                android:value="androidx.startup" />
70-->[androidx.lifecycle:lifecycle-process:2.6.1] AndroidManifest.xml:31:17-49
71            <meta-data
71-->[androidx.profileinstaller:profileinstaller:1.3.0] AndroidManifest.xml:29:13-31:52
72                android:name="androidx.profileinstaller.ProfileInstallerInitializer"
72-->[androidx.profileinstaller:profileinstaller:1.3.0] AndroidManifest.xml:30:17-85
73                android:value="androidx.startup" />
73-->[androidx.profileinstaller:profileinstaller:1.3.0] AndroidManifest.xml:31:17-49
74        </provider>
75
76        <service
76-->[androidx.room:room-runtime:2.5.2] AndroidManifest.xml:24:9-28:63
77            android:name="androidx.room.MultiInstanceInvalidationService"
77-->[androidx.room:room-runtime:2.5.2] AndroidManifest.xml:25:13-74
78            android:directBootAware="true"
78-->[androidx.room:room-runtime:2.5.2] AndroidManifest.xml:26:13-43
79            android:exported="false" />
79-->[androidx.room:room-runtime:2.5.2] AndroidManifest.xml:27:13-37
80
81        <provider
81-->[com.squareup.picasso:picasso:2.8] AndroidManifest.xml:8:9-11:40
82            android:name="com.squareup.picasso.PicassoProvider"
82-->[com.squareup.picasso:picasso:2.8] AndroidManifest.xml:9:13-64
83            android:authorities="com.wanted.retocine.com.squareup.picasso"
83-->[com.squareup.picasso:picasso:2.8] AndroidManifest.xml:10:13-72
84            android:exported="false" />
84-->[com.squareup.picasso:picasso:2.8] AndroidManifest.xml:11:13-37
85
86        <receiver
86-->[androidx.profileinstaller:profileinstaller:1.3.0] AndroidManifest.xml:34:9-52:20
87            android:name="androidx.profileinstaller.ProfileInstallReceiver"
87-->[androidx.profileinstaller:profileinstaller:1.3.0] AndroidManifest.xml:35:13-76
88            android:directBootAware="false"
88-->[androidx.profileinstaller:profileinstaller:1.3.0] AndroidManifest.xml:36:13-44
89            android:enabled="true"
89-->[androidx.profileinstaller:profileinstaller:1.3.0] AndroidManifest.xml:37:13-35
90            android:exported="true"
90-->[androidx.profileinstaller:profileinstaller:1.3.0] AndroidManifest.xml:38:13-36
91            android:permission="android.permission.DUMP" >
91-->[androidx.profileinstaller:profileinstaller:1.3.0] AndroidManifest.xml:39:13-57
92            <intent-filter>
92-->[androidx.profileinstaller:profileinstaller:1.3.0] AndroidManifest.xml:40:13-42:29
93                <action android:name="androidx.profileinstaller.action.INSTALL_PROFILE" />
93-->[androidx.profileinstaller:profileinstaller:1.3.0] AndroidManifest.xml:41:17-91
93-->[androidx.profileinstaller:profileinstaller:1.3.0] AndroidManifest.xml:41:25-88
94            </intent-filter>
95            <intent-filter>
95-->[androidx.profileinstaller:profileinstaller:1.3.0] AndroidManifest.xml:43:13-45:29
96                <action android:name="androidx.profileinstaller.action.SKIP_FILE" />
96-->[androidx.profileinstaller:profileinstaller:1.3.0] AndroidManifest.xml:44:17-85
96-->[androidx.profileinstaller:profileinstaller:1.3.0] AndroidManifest.xml:44:25-82
97            </intent-filter>
98            <intent-filter>
98-->[androidx.profileinstaller:profileinstaller:1.3.0] AndroidManifest.xml:46:13-48:29
99                <action android:name="androidx.profileinstaller.action.SAVE_PROFILE" />
99-->[androidx.profileinstaller:profileinstaller:1.3.0] AndroidManifest.xml:47:17-88
99-->[androidx.profileinstaller:profileinstaller:1.3.0] AndroidManifest.xml:47:25-85
100            </intent-filter>
101            <intent-filter>
101-->[androidx.profileinstaller:profileinstaller:1.3.0] AndroidManifest.xml:49:13-51:29
102                <action android:name="androidx.profileinstaller.action.BENCHMARK_OPERATION" />
102-->[androidx.profileinstaller:profileinstaller:1.3.0] AndroidManifest.xml:50:17-95
102-->[androidx.profileinstaller:profileinstaller:1.3.0] AndroidManifest.xml:50:25-92
103            </intent-filter>
104        </receiver>
105    </application>
106
107</manifest>